2022-06-15 15:12:42,822 INFO org.springframework.boot.StartupInfoLogger [restartedMain] Starting Application on Satishs-MacBook-Pro.local with PID 43721 (/Users/satishchadokar/eclipse-workspace/store-manager/target/classes started by satishchadokar in /Users/satishchadokar/eclipse-workspace/store-manager)
2022-06-15 15:12:42,823 INFO org.springframework.boot.SpringApplication [restartedMain] No active profile set, falling back to default profiles: default
2022-06-15 15:12:43,548 INFO org.springframework.data.repository.config.RepositoryConfigurationDelegate [restartedMain] Multiple Spring Data modules found, entering strict repository configuration mode!
2022-06-15 15:12:43,548 INFO org.springframework.data.repository.config.RepositoryConfigurationDelegate [restartedMain] Bootstrapping Spring Data repositories in DEFAULT mode.
2022-06-15 15:12:43,563 INFO org.springframework.data.repository.config.RepositoryConfigurationDelegate [restartedMain] Finished Spring Data repository scanning in 14ms. Found 1 repository interfaces.
2022-06-15 15:12:43,566 INFO org.springframework.data.repository.config.RepositoryConfigurationDelegate [restartedMain] Multiple Spring Data modules found, entering strict repository configuration mode!
2022-06-15 15:12:43,567 INFO org.springframework.data.repository.config.RepositoryConfigurationDelegate [restartedMain] Bootstrapping Spring Data repositories in DEFAULT mode.
2022-06-15 15:12:43,571 INFO org.springframework.data.repository.config.RepositoryConfigurationExtensionSupport [restartedMain] Spring Data Redis - Could not safely identify store assignment for repository candidate interface com.trigun.sm.repo.IUserRepo.
2022-06-15 15:12:43,571 INFO org.springframework.data.repository.config.RepositoryConfigurationDelegate [restartedMain] Finished Spring Data repository scanning in 4ms. Found 0 repository interfaces.
2022-06-15 15:12:43,642 INFO org.springframework.context.support.PostProcessorRegistrationDelegate$BeanPostProcessorChecker [restartedMain] Bean 'org.springframework.ws.config.annotation.DelegatingWsConfiguration' of type [org.springframework.ws.config.annotation.DelegatingWsConfiguration$$EnhancerBySpringCGLIB$$3b1d6a15] is not eligible for getting processed by all BeanPostProcessors (for example: not eligible for auto-proxying)
2022-06-15 15:12:43,644 INFO org.springframework.ws.soap.addressing.server.AbstractAddressingEndpointMapping [restartedMain] Supporting [WS-Addressing August 2004, WS-Addressing 1.0]
2022-06-15 15:12:43,659 INFO org.springframework.context.support.PostProcessorRegistrationDelegate$BeanPostProcessorChecker [restartedMain] Bean 'org.springframework.transaction.annotation.ProxyTransactionManagementConfiguration' of type [org.springframework.transaction.annotation.ProxyTransactionManagementConfiguration$$EnhancerBySpringCGLIB$$9685a516] is not eligible for getting processed by all BeanPostProcessors (for example: not eligible for auto-proxying)
2022-06-15 15:12:43,663 INFO org.springframework.context.support.PostProcessorRegistrationDelegate$BeanPostProcessorChecker [restartedMain] Bean 'org.springframework.security.config.annotation.configuration.ObjectPostProcessorConfiguration' of type [org.springframework.security.config.annotation.configuration.ObjectPostProcessorConfiguration$$EnhancerBySpringCGLIB$$2f336d50] is not eligible for getting processed by all BeanPostProcessors (for example: not eligible for auto-proxying)
2022-06-15 15:12:43,665 INFO org.springframework.context.support.PostProcessorRegistrationDelegate$BeanPostProcessorChecker [restartedMain] Bean 'objectPostProcessor' of type [org.springframework.security.config.annotation.configuration.AutowireBeanFactoryObjectPostProcessor] is not eligible for getting processed by all BeanPostProcessors (for example: not eligible for auto-proxying)
2022-06-15 15:12:43,666 INFO org.springframework.context.support.PostProcessorRegistrationDelegate$BeanPostProcessorChecker [restartedMain] Bean 'org.springframework.security.access.expression.method.DefaultMethodSecurityExpressionHandler@179fa8e7' of type [org.springframework.security.access.expression.method.DefaultMethodSecurityExpressionHandler] is not eligible for getting processed by all BeanPostProcessors (for example: not eligible for auto-proxying)
2022-06-15 15:12:43,669 INFO org.springframework.context.support.PostProcessorRegistrationDelegate$BeanPostProcessorChecker [restartedMain] Bean 'org.springframework.security.config.annotation.method.configuration.GlobalMethodSecurityConfiguration' of type [org.springframework.security.config.annotation.method.configuration.GlobalMethodSecurityConfiguration$$EnhancerBySpringCGLIB$$54081002] is not eligible for getting processed by all BeanPostProcessors (for example: not eligible for auto-proxying)
2022-06-15 15:12:43,670 INFO org.springframework.context.support.PostProcessorRegistrationDelegate$BeanPostProcessorChecker [restartedMain] Bean 'methodSecurityMetadataSource' of type [org.springframework.security.access.method.DelegatingMethodSecurityMetadataSource] is not eligible for getting processed by all BeanPostProcessors (for example: not eligible for auto-proxying)
2022-06-15 15:12:43,676 INFO org.springframework.context.support.PostProcessorRegistrationDelegate$BeanPostProcessorChecker [restartedMain] Bean 'org.springframework.hateoas.config.HateoasConfiguration' of type [org.springframework.hateoas.config.HateoasConfiguration$$EnhancerBySpringCGLIB$$1605f248] is not eligible for getting processed by all BeanPostProcessors (for example: not eligible for auto-proxying)
2022-06-15 15:12:43,848 INFO org.springframework.boot.web.embedded.tomcat.TomcatWebServer [restartedMain] Tomcat initialized with port(s): 8181 (http)
2022-06-15 15:12:43,854 INFO org.apache.juli.logging.DirectJDKLog [restartedMain] Initializing ProtocolHandler ["http-nio-8181"]
2022-06-15 15:12:43,854 INFO org.apache.juli.logging.DirectJDKLog [restartedMain] Starting service [Tomcat]
2022-06-15 15:12:43,855 INFO org.apache.juli.logging.DirectJDKLog [restartedMain] Starting Servlet engine: [Apache Tomcat/9.0.26]
2022-06-15 15:12:44,178 INFO org.apache.juli.logging.DirectJDKLog [restartedMain] At least one JAR was scanned for TLDs yet contained no TLDs. Enable debug logging for this logger for a complete list of JARs that were scanned but no TLDs were found in them. Skipping unneeded JARs during scanning can improve startup time and JSP compilation time.
2022-06-15 15:12:44,182 INFO org.apache.juli.logging.DirectJDKLog [restartedMain] Initializing Spring embedded WebApplicationContext
2022-06-15 15:12:44,183 INFO org.springframework.boot.web.servlet.context.ServletWebServerApplicationContext [restartedMain] Root WebApplicationContext: initialization completed in 1358 ms
2022-06-15 15:12:44,652 INFO com.zaxxer.hikari.HikariDataSource [restartedMain] iti-pool-name - Starting...
2022-06-15 15:12:58,719 INFO com.zaxxer.hikari.HikariDataSource [restartedMain] iti-pool-name - Start completed.
2022-06-15 15:12:58,730 INFO org.hibernate.jpa.internal.util.LogHelper [restartedMain] HHH000204: Processing PersistenceUnitInfo [
	name: default
	...]
2022-06-15 15:12:58,741 INFO org.hibernate.dialect.Dialect [restartedMain] HHH000400: Using dialect: org.hibernate.dialect.MySQL5Dialect
2022-06-15 15:13:03,227 INFO org.springframework.orm.jpa.AbstractEntityManagerFactoryBean [restartedMain] Initialized JPA EntityManagerFactory for persistence unit 'default'
2022-06-15 15:13:03,550 INFO org.springframework.boot.actuate.endpoint.web.EndpointLinksResolver [restartedMain] Exposing 2 endpoint(s) beneath base path '/actuator'
2022-06-15 15:13:03,626 INFO org.springframework.security.web.DefaultSecurityFilterChain [restartedMain] Creating filter chain: any request, [org.springframework.security.web.context.request.async.WebAsyncManagerIntegrationFilter@2c567e9a, org.springframework.security.web.context.SecurityContextPersistenceFilter@18f11fc1, org.springframework.security.web.header.HeaderWriterFilter@5af7c553, org.springframework.web.filter.CorsFilter@124549df, org.springframework.security.web.authentication.logout.LogoutFilter@3b1e1be4, com.trigun.sm.config.JwtRequestFilter@74d9bfc1, org.springframework.security.web.savedrequest.RequestCacheAwareFilter@443405fa, org.springframework.security.web.servletapi.SecurityContextHolderAwareRequestFilter@208d8d72, org.springframework.security.web.authentication.AnonymousAuthenticationFilter@67ee141a, org.springframework.security.web.session.SessionManagementFilter@5898721d, org.springframework.security.web.access.ExceptionTranslationFilter@39dca8a5, org.springframework.security.web.access.intercept.FilterSecurityInterceptor@e70de3a]
2022-06-15 15:13:03,636 INFO springfox.documentation.spring.web.PropertySourcedRequestMappingHandlerMapping [restartedMain] Mapped URL path [/v2/api-docs] onto method [public org.springframework.http.ResponseEntity<springfox.documentation.spring.web.json.Json> springfox.documentation.swagger2.web.Swagger2Controller.getDocumentation(java.lang.String,javax.servlet.http.HttpServletRequest)]
2022-06-15 15:13:03,689 INFO org.springframework.scheduling.concurrent.ExecutorConfigurationSupport [restartedMain] Initializing ExecutorService 'applicationTaskExecutor'
2022-06-15 15:13:03,695 INFO org.springframework.boot.devtools.autoconfigure.OptionalLiveReloadServer [restartedMain] LiveReload server is running on port 35729
2022-06-15 15:13:03,754 WARN org.springframework.boot.autoconfigure.thymeleaf.ThymeleafAutoConfiguration$DefaultTemplateResolverConfiguration [restartedMain] Cannot find template location: classpath:/templates/ (please add some templates or check your Thymeleaf configuration)
2022-06-15 15:13:03,907 INFO springfox.documentation.spring.web.plugins.DocumentationPluginsBootstrapper [restartedMain] Context refreshed
2022-06-15 15:13:03,909 INFO springfox.documentation.spring.web.plugins.DocumentationPluginsBootstrapper [restartedMain] Found 1 custom documentation plugin(s)
2022-06-15 15:13:03,915 INFO springfox.documentation.spring.web.scanners.ApiListingReferenceScanner [restartedMain] Scanning for api listing references
2022-06-15 15:13:03,946 INFO org.apache.juli.logging.DirectJDKLog [restartedMain] Starting ProtocolHandler ["http-nio-8181"]
2022-06-15 15:13:03,948 INFO org.springframework.boot.web.embedded.tomcat.TomcatWebServer [restartedMain] Tomcat started on port(s): 8181 (http) with context path ''
2022-06-15 15:13:03,949 INFO org.springframework.boot.StartupInfoLogger [restartedMain] Started Application in 26.174 seconds (JVM running for 705.815)
2022-06-15 15:13:03,953 INFO org.springframework.boot.devtools.autoconfigure.ConditionEvaluationDeltaLoggingListener [restartedMain] Condition evaluation unchanged
2022-06-15 15:13:13,186 INFO org.apache.juli.logging.DirectJDKLog [http-nio-8181-exec-1] Initializing Spring DispatcherServlet 'dispatcherServlet'
2022-06-15 15:13:13,186 INFO org.springframework.web.servlet.FrameworkServlet [http-nio-8181-exec-1] Initializing Servlet 'dispatcherServlet'
2022-06-15 15:13:13,194 INFO org.springframework.web.servlet.FrameworkServlet [http-nio-8181-exec-1] Completed initialization in 7 ms
2022-06-15 17:39:33,309 WARN com.zaxxer.hikari.pool.HikariPool$HouseKeeper [iti-pool-name housekeeper] iti-pool-name - Thread starvation or clock leap detected (housekeeper delta=2h24m34s121ms).
2022-06-15 17:39:51,320 INFO com.trigun.sm.filters.LoginFilter [http-nio-8181-exec-7] LoginFilter :: inside doFilter 
2022-06-15 17:39:51,323 INFO com.trigun.sm.filters.LoginFilter [http-nio-8181-exec-7] LoginFilter :: inside doFilter : currentPath :: /swagger-ui.html
2022-06-15 17:39:51,486 INFO com.trigun.sm.filters.LoginFilter [http-nio-8181-exec-8] LoginFilter :: inside doFilter 
2022-06-15 17:39:51,486 INFO com.trigun.sm.filters.LoginFilter [http-nio-8181-exec-8] LoginFilter :: inside doFilter : currentPath :: /webjars/springfox-swagger-ui/springfox.css
2022-06-15 17:39:51,517 INFO com.trigun.sm.filters.LoginFilter [http-nio-8181-exec-2] LoginFilter :: inside doFilter 
2022-06-15 17:39:51,518 INFO com.trigun.sm.filters.LoginFilter [http-nio-8181-exec-1] LoginFilter :: inside doFilter 
2022-06-15 17:39:51,518 INFO com.trigun.sm.filters.LoginFilter [http-nio-8181-exec-2] LoginFilter :: inside doFilter : currentPath :: /webjars/springfox-swagger-ui/swagger-ui-standalone-preset.js
2022-06-15 17:39:51,519 INFO com.trigun.sm.filters.LoginFilter [http-nio-8181-exec-1] LoginFilter :: inside doFilter : currentPath :: /webjars/springfox-swagger-ui/springfox.js
2022-06-15 17:39:51,520 INFO com.trigun.sm.filters.LoginFilter [http-nio-8181-exec-9] LoginFilter :: inside doFilter 
2022-06-15 17:39:51,520 INFO com.trigun.sm.filters.LoginFilter [http-nio-8181-exec-9] LoginFilter :: inside doFilter : currentPath :: /webjars/springfox-swagger-ui/swagger-ui.css
2022-06-15 17:39:51,519 INFO com.trigun.sm.filters.LoginFilter [http-nio-8181-exec-10] LoginFilter :: inside doFilter 
2022-06-15 17:39:51,522 INFO com.trigun.sm.filters.LoginFilter [http-nio-8181-exec-10] LoginFilter :: inside doFilter : currentPath :: /webjars/springfox-swagger-ui/swagger-ui-bundle.js
2022-06-15 17:39:51,876 INFO com.trigun.sm.filters.LoginFilter [http-nio-8181-exec-4] LoginFilter :: inside doFilter 
2022-06-15 17:39:51,876 INFO com.trigun.sm.filters.LoginFilter [http-nio-8181-exec-4] LoginFilter :: inside doFilter : currentPath :: /swagger-resources/configuration/ui
2022-06-15 17:39:51,879 INFO com.trigun.sm.filters.LoginFilter [http-nio-8181-exec-3] LoginFilter :: inside doFilter 
2022-06-15 17:39:51,880 INFO com.trigun.sm.filters.LoginFilter [http-nio-8181-exec-3] LoginFilter :: inside doFilter : currentPath :: /webjars/springfox-swagger-ui/favicon-32x32.png
2022-06-15 17:39:51,951 INFO com.trigun.sm.filters.LoginFilter [http-nio-8181-exec-5] LoginFilter :: inside doFilter 
2022-06-15 17:39:51,952 INFO com.trigun.sm.filters.LoginFilter [http-nio-8181-exec-5] LoginFilter :: inside doFilter : currentPath :: /swagger-resources/configuration/security
2022-06-15 17:39:51,966 INFO com.trigun.sm.filters.LoginFilter [http-nio-8181-exec-6] LoginFilter :: inside doFilter 
2022-06-15 17:39:51,967 INFO com.trigun.sm.filters.LoginFilter [http-nio-8181-exec-6] LoginFilter :: inside doFilter : currentPath :: /swagger-resources
2022-06-15 17:39:52,057 INFO com.trigun.sm.filters.LoginFilter [http-nio-8181-exec-8] LoginFilter :: inside doFilter 
2022-06-15 17:39:52,058 INFO com.trigun.sm.filters.LoginFilter [http-nio-8181-exec-8] LoginFilter :: inside doFilter : currentPath :: /v2/api-docs
2022-06-15 17:39:52,158 INFO com.trigun.sm.filters.LoginFilter [http-nio-8181-exec-9] LoginFilter :: inside doFilter 
2022-06-15 17:39:52,159 INFO com.trigun.sm.filters.LoginFilter [http-nio-8181-exec-9] LoginFilter :: inside doFilter : currentPath :: /webjars/springfox-swagger-ui/fonts/titillium-web-v6-latin-700.woff2
2022-06-15 17:39:52,396 INFO com.trigun.sm.filters.LoginFilter [http-nio-8181-exec-2] LoginFilter :: inside doFilter 
2022-06-15 17:39:52,397 INFO com.trigun.sm.filters.LoginFilter [http-nio-8181-exec-2] LoginFilter :: inside doFilter : currentPath :: /webjars/springfox-swagger-ui/fonts/open-sans-v15-latin-700.woff2
2022-06-15 17:39:52,398 INFO com.trigun.sm.filters.LoginFilter [http-nio-8181-exec-10] LoginFilter :: inside doFilter 
2022-06-15 17:39:52,399 INFO com.trigun.sm.filters.LoginFilter [http-nio-8181-exec-10] LoginFilter :: inside doFilter : currentPath :: /webjars/springfox-swagger-ui/fonts/source-code-pro-v7-latin-300.woff2
2022-06-15 17:39:52,406 INFO com.trigun.sm.filters.LoginFilter [http-nio-8181-exec-3] LoginFilter :: inside doFilter 
2022-06-15 17:39:52,407 INFO com.trigun.sm.filters.LoginFilter [http-nio-8181-exec-3] LoginFilter :: inside doFilter : currentPath :: /webjars/springfox-swagger-ui/fonts/open-sans-v15-latin-regular.woff2
2022-06-15 17:39:57,511 INFO com.trigun.sm.filters.LoginFilter [http-nio-8181-exec-4] LoginFilter :: inside doFilter 
2022-06-15 17:39:57,512 INFO com.trigun.sm.filters.LoginFilter [http-nio-8181-exec-4] LoginFilter :: inside doFilter : currentPath :: /webjars/springfox-swagger-ui/fonts/source-code-pro-v7-latin-600.woff2
2022-06-15 17:40:00,128 INFO com.trigun.sm.filters.LoginFilter [http-nio-8181-exec-5] LoginFilter :: inside doFilter 
2022-06-15 17:40:00,129 INFO com.trigun.sm.filters.LoginFilter [http-nio-8181-exec-5] LoginFilter :: inside doFilter : currentPath :: /webjars/springfox-swagger-ui/fonts/titillium-web-v6-latin-regular.woff2
2022-06-15 17:40:44,904 INFO com.trigun.sm.filters.LoginFilter [http-nio-8181-exec-2] LoginFilter :: inside doFilter 
2022-06-15 17:40:44,904 INFO com.trigun.sm.filters.LoginFilter [http-nio-8181-exec-2] LoginFilter :: inside doFilter : currentPath :: /authenticate
2022-06-15 17:40:45,006 INFO com.trigun.sm.controllers.JwtAuthenticationController [http-nio-8181-exec-2] JwtAuthenticationController :: inside generateAuthenticationToken : user name :: admin
2022-06-15 17:40:45,008 INFO com.trigun.sm.service.JwtUserDetailsService [http-nio-8181-exec-2] JwtUserDetailsService :: inside loadUserByUsername : username :: admin
2022-06-15 17:40:45,113 INFO org.hibernate.hql.internal.QueryTranslatorFactoryInitiator [http-nio-8181-exec-2] HHH000397: Using ASTQueryTranslatorFactory
2022-06-15 17:40:50,460 WARN com.zaxxer.hikari.pool.PoolBase [http-nio-8181-exec-2] iti-pool-name - Failed to validate connection com.mysql.cj.jdbc.ConnectionImpl@19ac8308 (No operations allowed after connection closed.). Possibly consider using a shorter maxLifetime value.
2022-06-15 17:40:55,471 WARN com.zaxxer.hikari.pool.PoolBase [http-nio-8181-exec-2] iti-pool-name - Failed to validate connection com.mysql.cj.jdbc.ConnectionImpl@64081e53 (No operations allowed after connection closed.). Possibly consider using a shorter maxLifetime value.
2022-06-15 17:41:15,429 WARN org.hibernate.engine.jdbc.spi.SqlExceptionHelper [http-nio-8181-exec-2] SQL Error: 0, SQLState: 08003
2022-06-15 17:41:15,432 ERROR org.hibernate.engine.jdbc.spi.SqlExceptionHelper [http-nio-8181-exec-2] iti-pool-name - Connection is not available, request timed out after 30007ms.
2022-06-15 17:41:15,434 ERROR org.hibernate.engine.jdbc.spi.SqlExceptionHelper [http-nio-8181-exec-2] No operations allowed after connection closed.
2022-06-15 17:41:15,468 ERROR org.apache.juli.logging.DirectJDKLog [http-nio-8181-exec-2] Servlet.service() for servlet [dispatcherServlet] in context with path [] threw exception [Request processing failed; nested exception is org.springframework.dao.DataAccessResourceFailureException: Unable to acquire JDBC Connection; nested exception is org.hibernate.exception.JDBCConnectionException: Unable to acquire JDBC Connection] with root cause
com.mysql.cj.exceptions.ConnectionIsClosedException: No operations allowed after connection closed.
	at java.base/jdk.internal.reflect.NativeConstructorAccessorImpl.newInstance0(Native Method)
	at java.base/jdk.internal.reflect.NativeConstructorAccessorImpl.newInstance(NativeConstructorAccessorImpl.java:62)
	at java.base/jdk.internal.reflect.DelegatingConstructorAccessorImpl.newInstance(DelegatingConstructorAccessorImpl.java:45)
	at java.base/java.lang.reflect.Constructor.newInstance(Constructor.java:490)
	at com.mysql.cj.exceptions.ExceptionFactory.createException(ExceptionFactory.java:61)
	at com.mysql.cj.exceptions.ExceptionFactory.createException(ExceptionFactory.java:105)
	at com.mysql.cj.exceptions.ExceptionFactory.createException(ExceptionFactory.java:151)
	at com.mysql.cj.NativeSession.checkClosed(NativeSession.java:1209)
	at com.mysql.cj.jdbc.ConnectionImpl.checkClosed(ConnectionImpl.java:567)
	at com.mysql.cj.jdbc.ConnectionImpl.setNetworkTimeout(ConnectionImpl.java:2484)
	at com.zaxxer.hikari.pool.PoolBase.setNetworkTimeout(PoolBase.java:550)
	at com.zaxxer.hikari.pool.PoolBase.isConnectionAlive(PoolBase.java:165)
	at com.zaxxer.hikari.pool.HikariPool.getConnection(HikariPool.java:179)
	at com.zaxxer.hikari.pool.HikariPool.getConnection(HikariPool.java:155)
	at com.zaxxer.hikari.HikariDataSource.getConnection(HikariDataSource.java:128)
	at org.hibernate.engine.jdbc.connections.internal.DatasourceConnectionProviderImpl.getConnection(DatasourceConnectionProviderImpl.java:122)
	at org.hibernate.internal.NonContextualJdbcConnectionAccess.obtainConnection(NonContextualJdbcConnectionAccess.java:35)
	at org.hibernate.resource.jdbc.internal.LogicalConnectionManagedImpl.acquireConnectionIfNeeded(LogicalConnectionManagedImpl.java:106)
	at org.hibernate.resource.jdbc.internal.LogicalConnectionManagedImpl.getPhysicalConnection(LogicalConnectionManagedImpl.java:136)
	at org.hibernate.engine.jdbc.internal.StatementPreparerImpl.connection(StatementPreparerImpl.java:50)
	at org.hibernate.engine.jdbc.internal.StatementPreparerImpl$5.doPrepare(StatementPreparerImpl.java:149)
	at org.hibernate.engine.jdbc.internal.StatementPreparerImpl$StatementPreparationTemplate.prepareStatement(StatementPreparerImpl.java:176)
	at org.hibernate.engine.jdbc.internal.StatementPreparerImpl.prepareQueryStatement(StatementPreparerImpl.java:151)
	at org.hibernate.loader.Loader.prepareQueryStatement(Loader.java:2082)
	at org.hibernate.loader.Loader.executeQueryStatement(Loader.java:2012)
	at org.hibernate.loader.Loader.executeQueryStatement(Loader.java:1990)
	at org.hibernate.loader.Loader.doQuery(Loader.java:949)
	at org.hibernate.loader.Loader.doQueryAndInitializeNonLazyCollections(Loader.java:351)
	at org.hibernate.loader.Loader.doList(Loader.java:2787)
	at org.hibernate.loader.Loader.doList(Loader.java:2770)
	at org.hibernate.loader.Loader.listIgnoreQueryCache(Loader.java:2604)
	at org.hibernate.loader.Loader.list(Loader.java:2599)
	at org.hibernate.loader.hql.QueryLoader.list(QueryLoader.java:505)
	at org.hibernate.hql.internal.ast.QueryTranslatorImpl.list(QueryTranslatorImpl.java:395)
	at org.hibernate.engine.query.spi.HQLQueryPlan.performList(HQLQueryPlan.java:220)
	at org.hibernate.internal.SessionImpl.list(SessionImpl.java:1537)
	at org.hibernate.query.internal.AbstractProducedQuery.doList(AbstractProducedQuery.java:1538)
	at org.hibernate.query.internal.AbstractProducedQuery.list(AbstractProducedQuery.java:1506)
	at org.hibernate.query.internal.AbstractProducedQuery.getSingleResult(AbstractProducedQuery.java:1554)
	at org.hibernate.query.criteria.internal.compile.CriteriaQueryTypeQueryAdapter.getSingleResult(CriteriaQueryTypeQueryAdapter.java:109)
	at java.base/jdk.internal.reflect.NativeMethodAccessorImpl.invoke0(Native Method)
	at java.base/jdk.internal.reflect.NativeMethodAccessorImpl.invoke(NativeMethodAccessorImpl.java:62)
	at java.base/jdk.internal.reflect.DelegatingMethodAccessorImpl.invoke(DelegatingMethodAccessorImpl.java:43)
	at java.base/java.lang.reflect.Method.invoke(Method.java:566)
	at org.springframework.orm.jpa.SharedEntityManagerCreator$DeferredQueryInvocationHandler.invoke(SharedEntityManagerCreator.java:404)
	at com.sun.proxy.$Proxy179.getSingleResult(Unknown Source)
	at org.springframework.data.jpa.repository.query.JpaQueryExecution$SingleEntityExecution.doExecute(JpaQueryExecution.java:221)
	at org.springframework.data.jpa.repository.query.JpaQueryExecution.execute(JpaQueryExecution.java:91)
	at org.springframework.data.jpa.repository.query.AbstractJpaQuery.doExecute(AbstractJpaQuery.java:136)
	at org.springframework.data.jpa.repository.query.AbstractJpaQuery.execute(AbstractJpaQuery.java:125)
	at org.springframework.data.repository.core.support.RepositoryFactorySupport$QueryExecutorMethodInterceptor.doInvoke(RepositoryFactorySupport.java:605)
	at org.springframework.data.repository.core.support.RepositoryFactorySupport$QueryExecutorMethodInterceptor.lambda$invoke$3(RepositoryFactorySupport.java:595)
	at org.springframework.data.repository.core.support.RepositoryFactorySupport$QueryExecutorMethodInterceptor.invoke(RepositoryFactorySupport.java:595)
	at org.springframework.aop.framework.ReflectiveMethodInvocation.proceed(ReflectiveMethodInvocation.java:186)
	at org.springframework.data.projection.DefaultMethodInvokingMethodInterceptor.invoke(DefaultMethodInvokingMethodInterceptor.java:59)
	at org.springframework.aop.framework.ReflectiveMethodInvocation.proceed(ReflectiveMethodInvocation.java:186)
	at org.springframework.transaction.interceptor.TransactionAspectSupport.invokeWithinTransaction(TransactionAspectSupport.java:295)
	at org.springframework.transaction.interceptor.TransactionInterceptor.invoke(TransactionInterceptor.java:98)
	at org.springframework.aop.framework.ReflectiveMethodInvocation.proceed(ReflectiveMethodInvocation.java:186)
	at org.springframework.dao.support.PersistenceExceptionTranslationInterceptor.invoke(PersistenceExceptionTranslationInterceptor.java:139)
	at org.springframework.aop.framework.ReflectiveMethodInvocation.proceed(ReflectiveMethodInvocation.java:186)
	at org.springframework.data.jpa.repository.support.CrudMethodMetadataPostProcessor$CrudMethodMetadataPopulatingMethodInterceptor.invoke(CrudMethodMetadataPostProcessor.java:144)
	at org.springframework.aop.framework.ReflectiveMethodInvocation.proceed(ReflectiveMethodInvocation.java:186)
	at org.springframework.data.jpa.repository.support.CrudMethodMetadataPostProcessor$ExposeRepositoryInvocationInterceptor.invoke(CrudMethodMetadataPostProcessor.java:364)
	at org.springframework.aop.framework.ReflectiveMethodInvocation.proceed(ReflectiveMethodInvocation.java:186)
	at org.springframework.aop.interceptor.ExposeInvocationInterceptor.invoke(ExposeInvocationInterceptor.java:93)
	at org.springframework.aop.framework.ReflectiveMethodInvocation.proceed(ReflectiveMethodInvocation.java:186)
	at org.springframework.data.repository.core.support.SurroundingTransactionDetectorMethodInterceptor.invoke(SurroundingTransactionDetectorMethodInterceptor.java:61)
	at org.springframework.aop.framework.ReflectiveMethodInvocation.proceed(ReflectiveMethodInvocation.java:186)
	at org.springframework.aop.framework.JdkDynamicAopProxy.invoke(JdkDynamicAopProxy.java:212)
	at com.sun.proxy.$Proxy159.findByUserId(Unknown Source)
	at com.trigun.sm.service.JwtUserDetailsService.loadUserByUsername(JwtUserDetailsService.java:32)
	at com.trigun.sm.controllers.JwtAuthenticationController.generateAuthenticationToken(JwtAuthenticationController.java:55)
	at java.base/jdk.internal.reflect.NativeMethodAccessorImpl.invoke0(Native Method)
	at java.base/jdk.internal.reflect.NativeMethodAccessorImpl.invoke(NativeMethodAccessorImpl.java:62)
	at java.base/jdk.internal.reflect.DelegatingMethodAccessorImpl.invoke(DelegatingMethodAccessorImpl.java:43)
	at java.base/java.lang.reflect.Method.invoke(Method.java:566)
	at org.springframework.web.method.support.InvocableHandlerMethod.doInvoke(InvocableHandlerMethod.java:190)
	at org.springframework.web.method.support.InvocableHandlerMethod.invokeForRequest(InvocableHandlerMethod.java:138)
	at org.springframework.web.servlet.mvc.method.annotation.ServletInvocableHandlerMethod.invokeAndHandle(ServletInvocableHandlerMethod.java:105)
	at org.springframework.web.servlet.mvc.method.annotation.RequestMappingHandlerAdapter.invokeHandlerMethod(RequestMappingHandlerAdapter.java:893)
	at org.springframework.web.servlet.mvc.method.annotation.RequestMappingHandlerAdapter.handleInternal(RequestMappingHandlerAdapter.java:798)
	at org.springframework.web.servlet.mvc.method.AbstractHandlerMethodAdapter.handle(AbstractHandlerMethodAdapter.java:87)
	at org.springframework.web.servlet.DispatcherServlet.doDispatch(DispatcherServlet.java:1040)
	at org.springframework.web.servlet.DispatcherServlet.doService(DispatcherServlet.java:943)
	at org.springframework.web.servlet.FrameworkServlet.processRequest(FrameworkServlet.java:1006)
	at org.springframework.web.servlet.FrameworkServlet.doPost(FrameworkServlet.java:909)
	at javax.servlet.http.HttpServlet.service(HttpServlet.java:660)
	at org.springframework.web.servlet.FrameworkServlet.service(FrameworkServlet.java:883)
	at javax.servlet.http.HttpServlet.service(HttpServlet.java:741)
	at org.apache.catalina.core.ApplicationFilterChain.internalDoFilter(ApplicationFilterChain.java:231)
	at org.apache.catalina.core.ApplicationFilterChain.doFilter(ApplicationFilterChain.java:166)
	at org.apache.tomcat.websocket.server.WsFilter.doFilter(WsFilter.java:53)
	at org.apache.catalina.core.ApplicationFilterChain.internalDoFilter(ApplicationFilterChain.java:193)
	at org.apache.catalina.core.ApplicationFilterChain.doFilter(ApplicationFilterChain.java:166)
	at com.trigun.sm.filters.LoginFilter.doFilter(LoginFilter.java:38)
	at org.apache.catalina.core.ApplicationFilterChain.internalDoFilter(ApplicationFilterChain.java:193)
	at org.apache.catalina.core.ApplicationFilterChain.doFilter(ApplicationFilterChain.java:166)
	at org.springframework.web.filter.OncePerRequestFilter.doFilter(OncePerRequestFilter.java:113)
	at org.apache.catalina.core.ApplicationFilterChain.internalDoFilter(ApplicationFilterChain.java:193)
	at org.apache.catalina.core.ApplicationFilterChain.doFilter(ApplicationFilterChain.java:166)
	at org.springframework.boot.actuate.web.trace.servlet.HttpTraceFilter.doFilterInternal(HttpTraceFilter.java:88)
	at org.springframework.web.filter.OncePerRequestFilter.doFilter(OncePerRequestFilter.java:119)
	at org.apache.catalina.core.ApplicationFilterChain.internalDoFilter(ApplicationFilterChain.java:193)
	at org.apache.catalina.core.ApplicationFilterChain.doFilter(ApplicationFilterChain.java:166)
	at org.springframework.security.web.FilterChainProxy$VirtualFilterChain.doFilter(FilterChainProxy.java:320)
	at org.springframework.security.web.access.intercept.FilterSecurityInterceptor.invoke(FilterSecurityInterceptor.java:127)
	at org.springframework.security.web.access.intercept.FilterSecurityInterceptor.doFilter(FilterSecurityInterceptor.java:91)
	at org.springframework.security.web.FilterChainProxy$VirtualFilterChain.doFilter(FilterChainProxy.java:334)
	at org.springframework.security.web.access.ExceptionTranslationFilter.doFilter(ExceptionTranslationFilter.java:119)
	at org.springframework.security.web.FilterChainProxy$VirtualFilterChain.doFilter(FilterChainProxy.java:334)
	at org.springframework.security.web.session.SessionManagementFilter.doFilter(SessionManagementFilter.java:137)
	at org.springframework.security.web.FilterChainProxy$VirtualFilterChain.doFilter(FilterChainProxy.java:334)
	at org.springframework.security.web.authentication.AnonymousAuthenticationFilter.doFilter(AnonymousAuthenticationFilter.java:111)
	at org.springframework.security.web.FilterChainProxy$VirtualFilterChain.doFilter(FilterChainProxy.java:334)
	at org.springframework.security.web.servletapi.SecurityContextHolderAwareRequestFilter.doFilter(SecurityContextHolderAwareRequestFilter.java:170)
	at org.springframework.security.web.FilterChainProxy$VirtualFilterChain.doFilter(FilterChainProxy.java:334)
	at org.springframework.security.web.savedrequest.RequestCacheAwareFilter.doFilter(RequestCacheAwareFilter.java:63)
	at org.springframework.security.web.FilterChainProxy$VirtualFilterChain.doFilter(FilterChainProxy.java:334)
	at com.trigun.sm.config.JwtRequestFilter.doFilterInternal(JwtRequestFilter.java:40)
	at org.springframework.web.filter.OncePerRequestFilter.doFilter(OncePerRequestFilter.java:119)
	at org.springframework.security.web.FilterChainProxy$VirtualFilterChain.doFilter(FilterChainProxy.java:334)
	at org.springframework.security.web.authentication.logout.LogoutFilter.doFilter(LogoutFilter.java:116)
	at org.springframework.security.web.FilterChainProxy$VirtualFilterChain.doFilter(FilterChainProxy.java:334)
	at org.springframework.web.filter.CorsFilter.doFilterInternal(CorsFilter.java:97)
	at org.springframework.web.filter.OncePerRequestFilter.doFilter(OncePerRequestFilter.java:119)
	at org.springframework.security.web.FilterChainProxy$VirtualFilterChain.doFilter(FilterChainProxy.java:334)
	at org.springframework.security.web.header.HeaderWriterFilter.doFilterInternal(HeaderWriterFilter.java:74)
	at org.springframework.web.filter.OncePerRequestFilter.doFilter(OncePerRequestFilter.java:119)
	at org.springframework.security.web.FilterChainProxy$VirtualFilterChain.doFilter(FilterChainProxy.java:334)
	at org.springframework.security.web.context.SecurityContextPersistenceFilter.doFilter(SecurityContextPersistenceFilter.java:105)
	at org.springframework.security.web.FilterChainProxy$VirtualFilterChain.doFilter(FilterChainProxy.java:334)
	at org.springframework.security.web.context.request.async.WebAsyncManagerIntegrationFilter.doFilterInternal(WebAsyncManagerIntegrationFilter.java:56)
	at org.springframework.web.filter.OncePerRequestFilter.doFilter(OncePerRequestFilter.java:119)
	at org.springframework.security.web.FilterChainProxy$VirtualFilterChain.doFilter(FilterChainProxy.java:334)
	at org.springframework.security.web.FilterChainProxy.doFilterInternal(FilterChainProxy.java:215)
	at org.springframework.security.web.FilterChainProxy.doFilter(FilterChainProxy.java:178)
	at org.springframework.web.filter.DelegatingFilterProxy.invokeDelegate(DelegatingFilterProxy.java:358)
	at org.springframework.web.filter.DelegatingFilterProxy.doFilter(DelegatingFilterProxy.java:271)
	at org.apache.catalina.core.ApplicationFilterChain.internalDoFilter(ApplicationFilterChain.java:193)
	at org.apache.catalina.core.ApplicationFilterChain.doFilter(ApplicationFilterChain.java:166)
	at org.springframework.web.filter.RequestContextFilter.doFilterInternal(RequestContextFilter.java:100)
	at org.springframework.web.filter.OncePerRequestFilter.doFilter(OncePerRequestFilter.java:119)
	at org.apache.catalina.core.ApplicationFilterChain.internalDoFilter(ApplicationFilterChain.java:193)
	at org.apache.catalina.core.ApplicationFilterChain.doFilter(ApplicationFilterChain.java:166)
	at org.springframework.web.filter.FormContentFilter.doFilterInternal(FormContentFilter.java:93)
	at org.springframework.web.filter.OncePerRequestFilter.doFilter(OncePerRequestFilter.java:119)
	at org.apache.catalina.core.ApplicationFilterChain.internalDoFilter(ApplicationFilterChain.java:193)
	at org.apache.catalina.core.ApplicationFilterChain.doFilter(ApplicationFilterChain.java:166)
	at org.springframework.web.filter.HiddenHttpMethodFilter.doFilterInternal(HiddenHttpMethodFilter.java:94)
	at org.springframework.web.filter.OncePerRequestFilter.doFilter(OncePerRequestFilter.java:119)
	at org.apache.catalina.core.ApplicationFilterChain.internalDoFilter(ApplicationFilterChain.java:193)
	at org.apache.catalina.core.ApplicationFilterChain.doFilter(ApplicationFilterChain.java:166)
	at org.springframework.boot.actuate.metrics.web.servlet.WebMvcMetricsFilter.filterAndRecordMetrics(WebMvcMetricsFilter.java:114)
	at org.springframework.boot.actuate.metrics.web.servlet.WebMvcMetricsFilter.doFilterInternal(WebMvcMetricsFilter.java:104)
	at org.springframework.web.filter.OncePerRequestFilter.doFilter(OncePerRequestFilter.java:119)
	at org.apache.catalina.core.ApplicationFilterChain.internalDoFilter(ApplicationFilterChain.java:193)
	at org.apache.catalina.core.ApplicationFilterChain.doFilter(ApplicationFilterChain.java:166)
	at org.springframework.web.filter.CharacterEncodingFilter.doFilterInternal(CharacterEncodingFilter.java:201)
	at org.springframework.web.filter.OncePerRequestFilter.doFilter(OncePerRequestFilter.java:119)
	at org.apache.catalina.core.ApplicationFilterChain.internalDoFilter(ApplicationFilterChain.java:193)
	at org.apache.catalina.core.ApplicationFilterChain.doFilter(ApplicationFilterChain.java:166)
	at org.apache.catalina.core.StandardWrapperValve.invoke(StandardWrapperValve.java:202)
	at org.apache.catalina.core.StandardContextValve.invoke(StandardContextValve.java:96)
	at org.apache.catalina.authenticator.AuthenticatorBase.invoke(AuthenticatorBase.java:526)
	at org.apache.catalina.core.StandardHostValve.invoke(StandardHostValve.java:139)
	at org.apache.catalina.valves.ErrorReportValve.invoke(ErrorReportValve.java:92)
	at org.apache.catalina.core.StandardEngineValve.invoke(StandardEngineValve.java:74)
	at org.apache.catalina.connector.CoyoteAdapter.service(CoyoteAdapter.java:343)
	at org.apache.coyote.http11.Http11Processor.service(Http11Processor.java:408)
	at org.apache.coyote.AbstractProcessorLight.process(AbstractProcessorLight.java:66)
	at org.apache.coyote.AbstractProtocol$ConnectionHandler.process(AbstractProtocol.java:860)
	at org.apache.tomcat.util.net.NioEndpoint$SocketProcessor.doRun(NioEndpoint.java:1589)
	at org.apache.tomcat.util.net.SocketProcessorBase.run(SocketProcessorBase.java:49)
	at java.base/java.util.concurrent.ThreadPoolExecutor.runWorker(ThreadPoolExecutor.java:1128)
	at java.base/java.util.concurrent.ThreadPoolExecutor$Worker.run(ThreadPoolExecutor.java:628)
	at org.apache.tomcat.util.threads.TaskThread$WrappingRunnable.run(TaskThread.java:61)
	at java.base/java.lang.Thread.run(Thread.java:834)
2022-06-15 17:41:15,617 INFO com.trigun.sm.filters.LoginFilter [http-nio-8181-exec-10] LoginFilter :: inside doFilter 
2022-06-15 17:41:15,619 INFO com.trigun.sm.filters.LoginFilter [http-nio-8181-exec-10] LoginFilter :: inside doFilter : currentPath :: /webjars/springfox-swagger-ui/fonts/titillium-web-v6-latin-600.woff2
2022-06-15 17:41:25,213 INFO com.trigun.sm.filters.LoginFilter [http-nio-8181-exec-3] LoginFilter :: inside doFilter 
2022-06-15 17:41:25,214 INFO com.trigun.sm.filters.LoginFilter [http-nio-8181-exec-3] LoginFilter :: inside doFilter : currentPath :: /authenticate
2022-06-15 17:41:25,216 INFO com.trigun.sm.controllers.JwtAuthenticationController [http-nio-8181-exec-3] JwtAuthenticationController :: inside generateAuthenticationToken : user name :: admin
2022-06-15 17:41:25,217 INFO com.trigun.sm.service.JwtUserDetailsService [http-nio-8181-exec-3] JwtUserDetailsService :: inside loadUserByUsername : username :: admin
2022-06-15 17:41:55,230 WARN org.hibernate.engine.jdbc.spi.SqlExceptionHelper [http-nio-8181-exec-3] SQL Error: 0, SQLState: 08S01
2022-06-15 17:41:55,231 ERROR org.hibernate.engine.jdbc.spi.SqlExceptionHelper [http-nio-8181-exec-3] iti-pool-name - Connection is not available, request timed out after 30005ms.
2022-06-15 17:41:55,233 ERROR org.hibernate.engine.jdbc.spi.SqlExceptionHelper [http-nio-8181-exec-3] Communications link failure

The last packet sent successfully to the server was 0 milliseconds ago. The driver has not received any packets from the server.
2022-06-15 17:41:55,236 ERROR org.apache.juli.logging.DirectJDKLog [http-nio-8181-exec-3] Servlet.service() for servlet [dispatcherServlet] in context with path [] threw exception [Request processing failed; nested exception is org.springframework.dao.DataAccessResourceFailureException: Unable to acquire JDBC Connection; nested exception is org.hibernate.exception.JDBCConnectionException: Unable to acquire JDBC Connection] with root cause
java.net.SocketTimeoutException: Read timed out
	at java.base/java.net.SocketInputStream.socketRead0(Native Method)
	at java.base/java.net.SocketInputStream.socketRead(SocketInputStream.java:115)
	at java.base/java.net.SocketInputStream.read(SocketInputStream.java:168)
	at java.base/java.net.SocketInputStream.read(SocketInputStream.java:140)
	at com.mysql.cj.protocol.ReadAheadInputStream.fill(ReadAheadInputStream.java:107)
	at com.mysql.cj.protocol.ReadAheadInputStream.readFromUnderlyingStreamIfNecessary(ReadAheadInputStream.java:150)
	at com.mysql.cj.protocol.ReadAheadInputStream.read(ReadAheadInputStream.java:180)
	at java.base/java.io.FilterInputStream.read(FilterInputStream.java:133)
	at com.mysql.cj.protocol.FullReadInputStream.readFully(FullReadInputStream.java:64)
	at com.mysql.cj.protocol.a.SimplePacketReader.readHeader(SimplePacketReader.java:63)
	at com.mysql.cj.protocol.a.SimplePacketReader.readHeader(SimplePacketReader.java:45)
	at com.mysql.cj.protocol.a.NativeProtocol.readMessage(NativeProtocol.java:535)
	at com.mysql.cj.protocol.a.NativeProtocol.readServerCapabilities(NativeProtocol.java:493)
	at com.mysql.cj.protocol.a.NativeProtocol.beforeHandshake(NativeProtocol.java:383)
	at com.mysql.cj.protocol.a.NativeProtocol.connect(NativeProtocol.java:1346)
	at com.mysql.cj.NativeSession.connect(NativeSession.java:163)
	at com.mysql.cj.jdbc.ConnectionImpl.connectOneTryOnly(ConnectionImpl.java:947)
	at com.mysql.cj.jdbc.ConnectionImpl.createNewIO(ConnectionImpl.java:817)
	at com.mysql.cj.jdbc.ConnectionImpl.<init>(ConnectionImpl.java:447)
	at com.mysql.cj.jdbc.ConnectionImpl.getInstance(ConnectionImpl.java:237)
	at com.mysql.cj.jdbc.NonRegisteringDriver.connect(NonRegisteringDriver.java:199)
	at com.zaxxer.hikari.util.DriverDataSource.getConnection(DriverDataSource.java:136)
	at com.zaxxer.hikari.pool.PoolBase.newConnection(PoolBase.java:369)
	at com.zaxxer.hikari.pool.PoolBase.newPoolEntry(PoolBase.java:198)
	at com.zaxxer.hikari.pool.HikariPool.createPoolEntry(HikariPool.java:467)
	at com.zaxxer.hikari.pool.HikariPool.access$100(HikariPool.java:71)
	at com.zaxxer.hikari.pool.HikariPool$PoolEntryCreator.call(HikariPool.java:706)
	at com.zaxxer.hikari.pool.HikariPool$PoolEntryCreator.call(HikariPool.java:692)
	at java.base/java.util.concurrent.FutureTask.run(FutureTask.java:264)
	at java.base/java.util.concurrent.ThreadPoolExecutor.runWorker(ThreadPoolExecutor.java:1128)
	at java.base/java.util.concurrent.ThreadPoolExecutor$Worker.run(ThreadPoolExecutor.java:628)
	at java.base/java.lang.Thread.run(Thread.java:834)
2022-06-15 17:57:41,130 INFO com.trigun.sm.filters.LoginFilter [http-nio-8181-exec-4] LoginFilter :: inside doFilter 
2022-06-15 17:57:41,140 INFO com.trigun.sm.filters.LoginFilter [http-nio-8181-exec-4] LoginFilter :: inside doFilter : currentPath :: /authenticate
2022-06-15 17:57:41,143 INFO com.trigun.sm.controllers.JwtAuthenticationController [http-nio-8181-exec-4] JwtAuthenticationController :: inside generateAuthenticationToken : user name :: admin
2022-06-15 17:57:41,144 INFO com.trigun.sm.service.JwtUserDetailsService [http-nio-8181-exec-4] JwtUserDetailsService :: inside loadUserByUsername : username :: admin
2022-06-15 17:57:46,171 WARN com.zaxxer.hikari.pool.PoolBase [http-nio-8181-exec-4] iti-pool-name - Failed to validate connection com.mysql.cj.jdbc.ConnectionImpl@49bfea16 (No operations allowed after connection closed.). Possibly consider using a shorter maxLifetime value.
2022-06-15 17:57:51,184 WARN com.zaxxer.hikari.pool.PoolBase [http-nio-8181-exec-4] iti-pool-name - Failed to validate connection com.mysql.cj.jdbc.ConnectionImpl@646f87b1 (No operations allowed after connection closed.). Possibly consider using a shorter maxLifetime value.
2022-06-15 17:58:11,167 WARN org.hibernate.engine.jdbc.spi.SqlExceptionHelper [http-nio-8181-exec-4] SQL Error: 0, SQLState: 08003
2022-06-15 17:58:11,168 ERROR org.hibernate.engine.jdbc.spi.SqlExceptionHelper [http-nio-8181-exec-4] iti-pool-name - Connection is not available, request timed out after 30018ms.
2022-06-15 17:58:11,169 ERROR org.hibernate.engine.jdbc.spi.SqlExceptionHelper [http-nio-8181-exec-4] No operations allowed after connection closed.
2022-06-15 17:58:11,173 ERROR org.apache.juli.logging.DirectJDKLog [http-nio-8181-exec-4] Servlet.service() for servlet [dispatcherServlet] in context with path [] threw exception [Request processing failed; nested exception is org.springframework.dao.DataAccessResourceFailureException: Unable to acquire JDBC Connection; nested exception is org.hibernate.exception.JDBCConnectionException: Unable to acquire JDBC Connection] with root cause
com.mysql.cj.exceptions.ConnectionIsClosedException: No operations allowed after connection closed.
	at java.base/jdk.internal.reflect.NativeConstructorAccessorImpl.newInstance0(Native Method)
	at java.base/jdk.internal.reflect.NativeConstructorAccessorImpl.newInstance(NativeConstructorAccessorImpl.java:62)
	at java.base/jdk.internal.reflect.DelegatingConstructorAccessorImpl.newInstance(DelegatingConstructorAccessorImpl.java:45)
	at java.base/java.lang.reflect.Constructor.newInstance(Constructor.java:490)
	at com.mysql.cj.exceptions.ExceptionFactory.createException(ExceptionFactory.java:61)
	at com.mysql.cj.exceptions.ExceptionFactory.createException(ExceptionFactory.java:105)
	at com.mysql.cj.exceptions.ExceptionFactory.createException(ExceptionFactory.java:151)
	at com.mysql.cj.NativeSession.checkClosed(NativeSession.java:1209)
	at com.mysql.cj.jdbc.ConnectionImpl.checkClosed(ConnectionImpl.java:567)
	at com.mysql.cj.jdbc.ConnectionImpl.setNetworkTimeout(ConnectionImpl.java:2484)
	at com.zaxxer.hikari.pool.PoolBase.setNetworkTimeout(PoolBase.java:550)
	at com.zaxxer.hikari.pool.PoolBase.isConnectionAlive(PoolBase.java:165)
	at com.zaxxer.hikari.pool.HikariPool.getConnection(HikariPool.java:179)
	at com.zaxxer.hikari.pool.HikariPool.getConnection(HikariPool.java:155)
	at com.zaxxer.hikari.HikariDataSource.getConnection(HikariDataSource.java:128)
	at org.hibernate.engine.jdbc.connections.internal.DatasourceConnectionProviderImpl.getConnection(DatasourceConnectionProviderImpl.java:122)
	at org.hibernate.internal.NonContextualJdbcConnectionAccess.obtainConnection(NonContextualJdbcConnectionAccess.java:35)
	at org.hibernate.resource.jdbc.internal.LogicalConnectionManagedImpl.acquireConnectionIfNeeded(LogicalConnectionManagedImpl.java:106)
	at org.hibernate.resource.jdbc.internal.LogicalConnectionManagedImpl.getPhysicalConnection(LogicalConnectionManagedImpl.java:136)
	at org.hibernate.engine.jdbc.internal.StatementPreparerImpl.connection(StatementPreparerImpl.java:50)
	at org.hibernate.engine.jdbc.internal.StatementPreparerImpl$5.doPrepare(StatementPreparerImpl.java:149)
	at org.hibernate.engine.jdbc.internal.StatementPreparerImpl$StatementPreparationTemplate.prepareStatement(StatementPreparerImpl.java:176)
	at org.hibernate.engine.jdbc.internal.StatementPreparerImpl.prepareQueryStatement(StatementPreparerImpl.java:151)
	at org.hibernate.loader.Loader.prepareQueryStatement(Loader.java:2082)
	at org.hibernate.loader.Loader.executeQueryStatement(Loader.java:2012)
	at org.hibernate.loader.Loader.executeQueryStatement(Loader.java:1990)
	at org.hibernate.loader.Loader.doQuery(Loader.java:949)
	at org.hibernate.loader.Loader.doQueryAndInitializeNonLazyCollections(Loader.java:351)
	at org.hibernate.loader.Loader.doList(Loader.java:2787)
	at org.hibernate.loader.Loader.doList(Loader.java:2770)
	at org.hibernate.loader.Loader.listIgnoreQueryCache(Loader.java:2604)
	at org.hibernate.loader.Loader.list(Loader.java:2599)
	at org.hibernate.loader.hql.QueryLoader.list(QueryLoader.java:505)
	at org.hibernate.hql.internal.ast.QueryTranslatorImpl.list(QueryTranslatorImpl.java:395)
	at org.hibernate.engine.query.spi.HQLQueryPlan.performList(HQLQueryPlan.java:220)
	at org.hibernate.internal.SessionImpl.list(SessionImpl.java:1537)
	at org.hibernate.query.internal.AbstractProducedQuery.doList(AbstractProducedQuery.java:1538)
	at org.hibernate.query.internal.AbstractProducedQuery.list(AbstractProducedQuery.java:1506)
	at org.hibernate.query.internal.AbstractProducedQuery.getSingleResult(AbstractProducedQuery.java:1554)
	at org.hibernate.query.criteria.internal.compile.CriteriaQueryTypeQueryAdapter.getSingleResult(CriteriaQueryTypeQueryAdapter.java:109)
	at java.base/jdk.internal.reflect.NativeMethodAccessorImpl.invoke0(Native Method)
	at java.base/jdk.internal.reflect.NativeMethodAccessorImpl.invoke(NativeMethodAccessorImpl.java:62)
	at java.base/jdk.internal.reflect.DelegatingMethodAccessorImpl.invoke(DelegatingMethodAccessorImpl.java:43)
	at java.base/java.lang.reflect.Method.invoke(Method.java:566)
	at org.springframework.orm.jpa.SharedEntityManagerCreator$DeferredQueryInvocationHandler.invoke(SharedEntityManagerCreator.java:404)
	at com.sun.proxy.$Proxy179.getSingleResult(Unknown Source)
	at org.springframework.data.jpa.repository.query.JpaQueryExecution$SingleEntityExecution.doExecute(JpaQueryExecution.java:221)
	at org.springframework.data.jpa.repository.query.JpaQueryExecution.execute(JpaQueryExecution.java:91)
	at org.springframework.data.jpa.repository.query.AbstractJpaQuery.doExecute(AbstractJpaQuery.java:136)
	at org.springframework.data.jpa.repository.query.AbstractJpaQuery.execute(AbstractJpaQuery.java:125)
	at org.springframework.data.repository.core.support.RepositoryFactorySupport$QueryExecutorMethodInterceptor.doInvoke(RepositoryFactorySupport.java:605)
	at org.springframework.data.repository.core.support.RepositoryFactorySupport$QueryExecutorMethodInterceptor.lambda$invoke$3(RepositoryFactorySupport.java:595)
	at org.springframework.data.repository.core.support.RepositoryFactorySupport$QueryExecutorMethodInterceptor.invoke(RepositoryFactorySupport.java:595)
	at org.springframework.aop.framework.ReflectiveMethodInvocation.proceed(ReflectiveMethodInvocation.java:186)
	at org.springframework.data.projection.DefaultMethodInvokingMethodInterceptor.invoke(DefaultMethodInvokingMethodInterceptor.java:59)
	at org.springframework.aop.framework.ReflectiveMethodInvocation.proceed(ReflectiveMethodInvocation.java:186)
	at org.springframework.transaction.interceptor.TransactionAspectSupport.invokeWithinTransaction(TransactionAspectSupport.java:295)
	at org.springframework.transaction.interceptor.TransactionInterceptor.invoke(TransactionInterceptor.java:98)
	at org.springframework.aop.framework.ReflectiveMethodInvocation.proceed(ReflectiveMethodInvocation.java:186)
	at org.springframework.dao.support.PersistenceExceptionTranslationInterceptor.invoke(PersistenceExceptionTranslationInterceptor.java:139)
	at org.springframework.aop.framework.ReflectiveMethodInvocation.proceed(ReflectiveMethodInvocation.java:186)
	at org.springframework.data.jpa.repository.support.CrudMethodMetadataPostProcessor$CrudMethodMetadataPopulatingMethodInterceptor.invoke(CrudMethodMetadataPostProcessor.java:144)
	at org.springframework.aop.framework.ReflectiveMethodInvocation.proceed(ReflectiveMethodInvocation.java:186)
	at org.springframework.data.jpa.repository.support.CrudMethodMetadataPostProcessor$ExposeRepositoryInvocationInterceptor.invoke(CrudMethodMetadataPostProcessor.java:364)
	at org.springframework.aop.framework.ReflectiveMethodInvocation.proceed(ReflectiveMethodInvocation.java:186)
	at org.springframework.aop.interceptor.ExposeInvocationInterceptor.invoke(ExposeInvocationInterceptor.java:93)
	at org.springframework.aop.framework.ReflectiveMethodInvocation.proceed(ReflectiveMethodInvocation.java:186)
	at org.springframework.data.repository.core.support.SurroundingTransactionDetectorMethodInterceptor.invoke(SurroundingTransactionDetectorMethodInterceptor.java:61)
	at org.springframework.aop.framework.ReflectiveMethodInvocation.proceed(ReflectiveMethodInvocation.java:186)
	at org.springframework.aop.framework.JdkDynamicAopProxy.invoke(JdkDynamicAopProxy.java:212)
	at com.sun.proxy.$Proxy159.findByUserId(Unknown Source)
	at com.trigun.sm.service.JwtUserDetailsService.loadUserByUsername(JwtUserDetailsService.java:32)
	at com.trigun.sm.controllers.JwtAuthenticationController.generateAuthenticationToken(JwtAuthenticationController.java:55)
	at java.base/jdk.internal.reflect.NativeMethodAccessorImpl.invoke0(Native Method)
	at java.base/jdk.internal.reflect.NativeMethodAccessorImpl.invoke(NativeMethodAccessorImpl.java:62)
	at java.base/jdk.internal.reflect.DelegatingMethodAccessorImpl.invoke(DelegatingMethodAccessorImpl.java:43)
	at java.base/java.lang.reflect.Method.invoke(Method.java:566)
	at org.springframework.web.method.support.InvocableHandlerMethod.doInvoke(InvocableHandlerMethod.java:190)
	at org.springframework.web.method.support.InvocableHandlerMethod.invokeForRequest(InvocableHandlerMethod.java:138)
	at org.springframework.web.servlet.mvc.method.annotation.ServletInvocableHandlerMethod.invokeAndHandle(ServletInvocableHandlerMethod.java:105)
	at org.springframework.web.servlet.mvc.method.annotation.RequestMappingHandlerAdapter.invokeHandlerMethod(RequestMappingHandlerAdapter.java:893)
	at org.springframework.web.servlet.mvc.method.annotation.RequestMappingHandlerAdapter.handleInternal(RequestMappingHandlerAdapter.java:798)
	at org.springframework.web.servlet.mvc.method.AbstractHandlerMethodAdapter.handle(AbstractHandlerMethodAdapter.java:87)
	at org.springframework.web.servlet.DispatcherServlet.doDispatch(DispatcherServlet.java:1040)
	at org.springframework.web.servlet.DispatcherServlet.doService(DispatcherServlet.java:943)
	at org.springframework.web.servlet.FrameworkServlet.processRequest(FrameworkServlet.java:1006)
	at org.springframework.web.servlet.FrameworkServlet.doPost(FrameworkServlet.java:909)
	at javax.servlet.http.HttpServlet.service(HttpServlet.java:660)
	at org.springframework.web.servlet.FrameworkServlet.service(FrameworkServlet.java:883)
	at javax.servlet.http.HttpServlet.service(HttpServlet.java:741)
	at org.apache.catalina.core.ApplicationFilterChain.internalDoFilter(ApplicationFilterChain.java:231)
	at org.apache.catalina.core.ApplicationFilterChain.doFilter(ApplicationFilterChain.java:166)
	at org.apache.tomcat.websocket.server.WsFilter.doFilter(WsFilter.java:53)
	at org.apache.catalina.core.ApplicationFilterChain.internalDoFilter(ApplicationFilterChain.java:193)
	at org.apache.catalina.core.ApplicationFilterChain.doFilter(ApplicationFilterChain.java:166)
	at com.trigun.sm.filters.LoginFilter.doFilter(LoginFilter.java:38)
	at org.apache.catalina.core.ApplicationFilterChain.internalDoFilter(ApplicationFilterChain.java:193)
	at org.apache.catalina.core.ApplicationFilterChain.doFilter(ApplicationFilterChain.java:166)
	at org.springframework.web.filter.OncePerRequestFilter.doFilter(OncePerRequestFilter.java:113)
	at org.apache.catalina.core.ApplicationFilterChain.internalDoFilter(ApplicationFilterChain.java:193)
	at org.apache.catalina.core.ApplicationFilterChain.doFilter(ApplicationFilterChain.java:166)
	at org.springframework.boot.actuate.web.trace.servlet.HttpTraceFilter.doFilterInternal(HttpTraceFilter.java:88)
	at org.springframework.web.filter.OncePerRequestFilter.doFilter(OncePerRequestFilter.java:119)
	at org.apache.catalina.core.ApplicationFilterChain.internalDoFilter(ApplicationFilterChain.java:193)
	at org.apache.catalina.core.ApplicationFilterChain.doFilter(ApplicationFilterChain.java:166)
	at org.springframework.security.web.FilterChainProxy$VirtualFilterChain.doFilter(FilterChainProxy.java:320)
	at org.springframework.security.web.access.intercept.FilterSecurityInterceptor.invoke(FilterSecurityInterceptor.java:127)
	at org.springframework.security.web.access.intercept.FilterSecurityInterceptor.doFilter(FilterSecurityInterceptor.java:91)
	at org.springframework.security.web.FilterChainProxy$VirtualFilterChain.doFilter(FilterChainProxy.java:334)
	at org.springframework.security.web.access.ExceptionTranslationFilter.doFilter(ExceptionTranslationFilter.java:119)
	at org.springframework.security.web.FilterChainProxy$VirtualFilterChain.doFilter(FilterChainProxy.java:334)
	at org.springframework.security.web.session.SessionManagementFilter.doFilter(SessionManagementFilter.java:137)
	at org.springframework.security.web.FilterChainProxy$VirtualFilterChain.doFilter(FilterChainProxy.java:334)
	at org.springframework.security.web.authentication.AnonymousAuthenticationFilter.doFilter(AnonymousAuthenticationFilter.java:111)
	at org.springframework.security.web.FilterChainProxy$VirtualFilterChain.doFilter(FilterChainProxy.java:334)
	at org.springframework.security.web.servletapi.SecurityContextHolderAwareRequestFilter.doFilter(SecurityContextHolderAwareRequestFilter.java:170)
	at org.springframework.security.web.FilterChainProxy$VirtualFilterChain.doFilter(FilterChainProxy.java:334)
	at org.springframework.security.web.savedrequest.RequestCacheAwareFilter.doFilter(RequestCacheAwareFilter.java:63)
	at org.springframework.security.web.FilterChainProxy$VirtualFilterChain.doFilter(FilterChainProxy.java:334)
	at com.trigun.sm.config.JwtRequestFilter.doFilterInternal(JwtRequestFilter.java:40)
	at org.springframework.web.filter.OncePerRequestFilter.doFilter(OncePerRequestFilter.java:119)
	at org.springframework.security.web.FilterChainProxy$VirtualFilterChain.doFilter(FilterChainProxy.java:334)
	at org.springframework.security.web.authentication.logout.LogoutFilter.doFilter(LogoutFilter.java:116)
	at org.springframework.security.web.FilterChainProxy$VirtualFilterChain.doFilter(FilterChainProxy.java:334)
	at org.springframework.web.filter.CorsFilter.doFilterInternal(CorsFilter.java:97)
	at org.springframework.web.filter.OncePerRequestFilter.doFilter(OncePerRequestFilter.java:119)
	at org.springframework.security.web.FilterChainProxy$VirtualFilterChain.doFilter(FilterChainProxy.java:334)
	at org.springframework.security.web.header.HeaderWriterFilter.doFilterInternal(HeaderWriterFilter.java:74)
	at org.springframework.web.filter.OncePerRequestFilter.doFilter(OncePerRequestFilter.java:119)
	at org.springframework.security.web.FilterChainProxy$VirtualFilterChain.doFilter(FilterChainProxy.java:334)
	at org.springframework.security.web.context.SecurityContextPersistenceFilter.doFilter(SecurityContextPersistenceFilter.java:105)
	at org.springframework.security.web.FilterChainProxy$VirtualFilterChain.doFilter(FilterChainProxy.java:334)
	at org.springframework.security.web.context.request.async.WebAsyncManagerIntegrationFilter.doFilterInternal(WebAsyncManagerIntegrationFilter.java:56)
	at org.springframework.web.filter.OncePerRequestFilter.doFilter(OncePerRequestFilter.java:119)
	at org.springframework.security.web.FilterChainProxy$VirtualFilterChain.doFilter(FilterChainProxy.java:334)
	at org.springframework.security.web.FilterChainProxy.doFilterInternal(FilterChainProxy.java:215)
	at org.springframework.security.web.FilterChainProxy.doFilter(FilterChainProxy.java:178)
	at org.springframework.web.filter.DelegatingFilterProxy.invokeDelegate(DelegatingFilterProxy.java:358)
	at org.springframework.web.filter.DelegatingFilterProxy.doFilter(DelegatingFilterProxy.java:271)
	at org.apache.catalina.core.ApplicationFilterChain.internalDoFilter(ApplicationFilterChain.java:193)
	at org.apache.catalina.core.ApplicationFilterChain.doFilter(ApplicationFilterChain.java:166)
	at org.springframework.web.filter.RequestContextFilter.doFilterInternal(RequestContextFilter.java:100)
	at org.springframework.web.filter.OncePerRequestFilter.doFilter(OncePerRequestFilter.java:119)
	at org.apache.catalina.core.ApplicationFilterChain.internalDoFilter(ApplicationFilterChain.java:193)
	at org.apache.catalina.core.ApplicationFilterChain.doFilter(ApplicationFilterChain.java:166)
	at org.springframework.web.filter.FormContentFilter.doFilterInternal(FormContentFilter.java:93)
	at org.springframework.web.filter.OncePerRequestFilter.doFilter(OncePerRequestFilter.java:119)
	at org.apache.catalina.core.ApplicationFilterChain.internalDoFilter(ApplicationFilterChain.java:193)
	at org.apache.catalina.core.ApplicationFilterChain.doFilter(ApplicationFilterChain.java:166)
	at org.springframework.web.filter.HiddenHttpMethodFilter.doFilterInternal(HiddenHttpMethodFilter.java:94)
	at org.springframework.web.filter.OncePerRequestFilter.doFilter(OncePerRequestFilter.java:119)
	at org.apache.catalina.core.ApplicationFilterChain.internalDoFilter(ApplicationFilterChain.java:193)
	at org.apache.catalina.core.ApplicationFilterChain.doFilter(ApplicationFilterChain.java:166)
	at org.springframework.boot.actuate.metrics.web.servlet.WebMvcMetricsFilter.filterAndRecordMetrics(WebMvcMetricsFilter.java:114)
	at org.springframework.boot.actuate.metrics.web.servlet.WebMvcMetricsFilter.doFilterInternal(WebMvcMetricsFilter.java:104)
	at org.springframework.web.filter.OncePerRequestFilter.doFilter(OncePerRequestFilter.java:119)
	at org.apache.catalina.core.ApplicationFilterChain.internalDoFilter(ApplicationFilterChain.java:193)
	at org.apache.catalina.core.ApplicationFilterChain.doFilter(ApplicationFilterChain.java:166)
	at org.springframework.web.filter.CharacterEncodingFilter.doFilterInternal(CharacterEncodingFilter.java:201)
	at org.springframework.web.filter.OncePerRequestFilter.doFilter(OncePerRequestFilter.java:119)
	at org.apache.catalina.core.ApplicationFilterChain.internalDoFilter(ApplicationFilterChain.java:193)
	at org.apache.catalina.core.ApplicationFilterChain.doFilter(ApplicationFilterChain.java:166)
	at org.apache.catalina.core.StandardWrapperValve.invoke(StandardWrapperValve.java:202)
	at org.apache.catalina.core.StandardContextValve.invoke(StandardContextValve.java:96)
	at org.apache.catalina.authenticator.AuthenticatorBase.invoke(AuthenticatorBase.java:526)
	at org.apache.catalina.core.StandardHostValve.invoke(StandardHostValve.java:139)
	at org.apache.catalina.valves.ErrorReportValve.invoke(ErrorReportValve.java:92)
	at org.apache.catalina.core.StandardEngineValve.invoke(StandardEngineValve.java:74)
	at org.apache.catalina.connector.CoyoteAdapter.service(CoyoteAdapter.java:343)
	at org.apache.coyote.http11.Http11Processor.service(Http11Processor.java:408)
	at org.apache.coyote.AbstractProcessorLight.process(AbstractProcessorLight.java:66)
	at org.apache.coyote.AbstractProtocol$ConnectionHandler.process(AbstractProtocol.java:860)
	at org.apache.tomcat.util.net.NioEndpoint$SocketProcessor.doRun(NioEndpoint.java:1589)
	at org.apache.tomcat.util.net.SocketProcessorBase.run(SocketProcessorBase.java:49)
	at java.base/java.util.concurrent.ThreadPoolExecutor.runWorker(ThreadPoolExecutor.java:1128)
	at java.base/java.util.concurrent.ThreadPoolExecutor$Worker.run(ThreadPoolExecutor.java:628)
	at org.apache.tomcat.util.threads.TaskThread$WrappingRunnable.run(TaskThread.java:61)
	at java.base/java.lang.Thread.run(Thread.java:834)
2022-06-15 18:11:02,864 WARN com.zaxxer.hikari.pool.HikariPool$HouseKeeper [iti-pool-name housekeeper] iti-pool-name - Retrograde clock change detected (housekeeper delta=29s83ms), soft-evicting connections from pool.
2022-06-15 18:17:17,127 INFO com.trigun.sm.filters.LoginFilter [http-nio-8181-exec-5] LoginFilter :: inside doFilter 
2022-06-15 18:17:17,129 INFO com.trigun.sm.filters.LoginFilter [http-nio-8181-exec-5] LoginFilter :: inside doFilter : currentPath :: /authenticate
2022-06-15 18:17:17,131 INFO com.trigun.sm.controllers.JwtAuthenticationController [http-nio-8181-exec-5] JwtAuthenticationController :: inside generateAuthenticationToken : user name :: admin
2022-06-15 18:17:17,131 INFO com.trigun.sm.service.JwtUserDetailsService [http-nio-8181-exec-5] JwtUserDetailsService :: inside loadUserByUsername : username :: admin
2022-06-15 18:17:29,219 ERROR com.trigun.sm.controllers.JwtAuthenticationController [http-nio-8181-exec-5] JwtAuthenticationController :: inside generateAuthenticationToken : user not found!
2022-06-15 18:19:47,410 INFO org.springframework.scheduling.concurrent.ExecutorConfigurationSupport [Thread-15] Shutting down ExecutorService 'applicationTaskExecutor'
2022-06-15 18:19:47,422 INFO org.springframework.orm.jpa.AbstractEntityManagerFactoryBean [Thread-15] Closing JPA EntityManagerFactory for persistence unit 'default'
2022-06-15 18:19:47,427 INFO com.zaxxer.hikari.HikariDataSource [Thread-15] iti-pool-name - Shutdown initiated...
2022-06-15 18:19:47,430 INFO com.zaxxer.hikari.HikariDataSource [Thread-15] iti-pool-name - Shutdown completed.
2022-06-15 18:19:47,933 INFO org.springframework.boot.StartupInfoLogger [restartedMain] Starting Application on Satishs-MacBook-Pro.local with PID 43721 (/Users/satishchadokar/eclipse-workspace/store-manager/target/classes started by satishchadokar in /Users/satishchadokar/eclipse-workspace/store-manager)
2022-06-15 18:19:47,933 INFO org.springframework.boot.SpringApplication [restartedMain] No active profile set, falling back to default profiles: default
2022-06-15 18:19:48,611 INFO org.springframework.data.repository.config.RepositoryConfigurationDelegate [restartedMain] Multiple Spring Data modules found, entering strict repository configuration mode!
2022-06-15 18:19:48,611 INFO org.springframework.data.repository.config.RepositoryConfigurationDelegate [restartedMain] Bootstrapping Spring Data repositories in DEFAULT mode.
2022-06-15 18:19:48,625 INFO org.springframework.data.repository.config.RepositoryConfigurationDelegate [restartedMain] Finished Spring Data repository scanning in 13ms. Found 1 repository interfaces.
2022-06-15 18:19:48,628 INFO org.springframework.data.repository.config.RepositoryConfigurationDelegate [restartedMain] Multiple Spring Data modules found, entering strict repository configuration mode!
2022-06-15 18:19:48,628 INFO org.springframework.data.repository.config.RepositoryConfigurationDelegate [restartedMain] Bootstrapping Spring Data repositories in DEFAULT mode.
2022-06-15 18:19:48,633 INFO org.springframework.data.repository.config.RepositoryConfigurationExtensionSupport [restartedMain] Spring Data Redis - Could not safely identify store assignment for repository candidate interface com.trigun.sm.repo.IUserRepo.
2022-06-15 18:19:48,633 INFO org.springframework.data.repository.config.RepositoryConfigurationDelegate [restartedMain] Finished Spring Data repository scanning in 5ms. Found 0 repository interfaces.
2022-06-15 18:19:48,727 INFO org.springframework.context.support.PostProcessorRegistrationDelegate$BeanPostProcessorChecker [restartedMain] Bean 'org.springframework.ws.config.annotation.DelegatingWsConfiguration' of type [org.springframework.ws.config.annotation.DelegatingWsConfiguration$$EnhancerBySpringCGLIB$$3b1d6a15] is not eligible for getting processed by all BeanPostProcessors (for example: not eligible for auto-proxying)
2022-06-15 18:19:48,730 INFO org.springframework.ws.soap.addressing.server.AbstractAddressingEndpointMapping [restartedMain] Supporting [WS-Addressing August 2004, WS-Addressing 1.0]
2022-06-15 18:19:48,743 INFO org.springframework.context.support.PostProcessorRegistrationDelegate$BeanPostProcessorChecker [restartedMain] Bean 'org.springframework.transaction.annotation.ProxyTransactionManagementConfiguration' of type [org.springframework.transaction.annotation.ProxyTransactionManagementConfiguration$$EnhancerBySpringCGLIB$$9685a516] is not eligible for getting processed by all BeanPostProcessors (for example: not eligible for auto-proxying)
2022-06-15 18:19:48,750 INFO org.springframework.context.support.PostProcessorRegistrationDelegate$BeanPostProcessorChecker [restartedMain] Bean 'org.springframework.security.config.annotation.configuration.ObjectPostProcessorConfiguration' of type [org.springframework.security.config.annotation.configuration.ObjectPostProcessorConfiguration$$EnhancerBySpringCGLIB$$2f336d50] is not eligible for getting processed by all BeanPostProcessors (for example: not eligible for auto-proxying)
2022-06-15 18:19:48,753 INFO org.springframework.context.support.PostProcessorRegistrationDelegate$BeanPostProcessorChecker [restartedMain] Bean 'objectPostProcessor' of type [org.springframework.security.config.annotation.configuration.AutowireBeanFactoryObjectPostProcessor] is not eligible for getting processed by all BeanPostProcessors (for example: not eligible for auto-proxying)
2022-06-15 18:19:48,754 INFO org.springframework.context.support.PostProcessorRegistrationDelegate$BeanPostProcessorChecker [restartedMain] Bean 'org.springframework.security.access.expression.method.DefaultMethodSecurityExpressionHandler@78db5d30' of type [org.springframework.security.access.expression.method.DefaultMethodSecurityExpressionHandler] is not eligible for getting processed by all BeanPostProcessors (for example: not eligible for auto-proxying)
2022-06-15 18:19:48,758 INFO org.springframework.context.support.PostProcessorRegistrationDelegate$BeanPostProcessorChecker [restartedMain] Bean 'org.springframework.security.config.annotation.method.configuration.GlobalMethodSecurityConfiguration' of type [org.springframework.security.config.annotation.method.configuration.GlobalMethodSecurityConfiguration$$EnhancerBySpringCGLIB$$54081002] is not eligible for getting processed by all BeanPostProcessors (for example: not eligible for auto-proxying)
2022-06-15 18:19:48,758 INFO org.springframework.context.support.PostProcessorRegistrationDelegate$BeanPostProcessorChecker [restartedMain] Bean 'methodSecurityMetadataSource' of type [org.springframework.security.access.method.DelegatingMethodSecurityMetadataSource] is not eligible for getting processed by all BeanPostProcessors (for example: not eligible for auto-proxying)
2022-06-15 18:19:48,766 INFO org.springframework.context.support.PostProcessorRegistrationDelegate$BeanPostProcessorChecker [restartedMain] Bean 'org.springframework.hateoas.config.HateoasConfiguration' of type [org.springframework.hateoas.config.HateoasConfiguration$$EnhancerBySpringCGLIB$$1605f248] is not eligible for getting processed by all BeanPostProcessors (for example: not eligible for auto-proxying)
2022-06-15 18:19:48,921 INFO org.springframework.boot.web.embedded.tomcat.TomcatWebServer [restartedMain] Tomcat initialized with port(s): 8181 (http)
2022-06-15 18:19:48,923 INFO org.apache.juli.logging.DirectJDKLog [restartedMain] Initializing ProtocolHandler ["http-nio-8181"]
2022-06-15 18:19:48,924 INFO org.apache.juli.logging.DirectJDKLog [restartedMain] Starting service [Tomcat]
2022-06-15 18:19:48,924 INFO org.apache.juli.logging.DirectJDKLog [restartedMain] Starting Servlet engine: [Apache Tomcat/9.0.26]
2022-06-15 18:19:49,053 INFO org.apache.juli.logging.DirectJDKLog [restartedMain] At least one JAR was scanned for TLDs yet contained no TLDs. Enable debug logging for this logger for a complete list of JARs that were scanned but no TLDs were found in them. Skipping unneeded JARs during scanning can improve startup time and JSP compilation time.
2022-06-15 18:19:49,055 INFO org.apache.juli.logging.DirectJDKLog [restartedMain] Initializing Spring embedded WebApplicationContext
2022-06-15 18:19:49,055 INFO org.springframework.boot.web.servlet.context.ServletWebServerApplicationContext [restartedMain] Root WebApplicationContext: initialization completed in 1119 ms
2022-06-15 18:19:49,534 INFO com.zaxxer.hikari.HikariDataSource [restartedMain] iti-pool-name - Starting...
2022-06-15 18:21:50,447 INFO org.springframework.boot.StartupInfoLogger [restartedMain] Starting Application on Satishs-MacBook-Pro.local with PID 45246 (/Users/satishchadokar/eclipse-workspace/store-manager/target/classes started by satishchadokar in /Users/satishchadokar/eclipse-workspace/store-manager)
2022-06-15 18:21:50,451 INFO org.springframework.boot.SpringApplication [restartedMain] No active profile set, falling back to default profiles: default
2022-06-15 18:21:50,505 INFO org.springframework.boot.logging.DeferredLog [restartedMain] Devtools property defaults active! Set 'spring.devtools.add-properties' to 'false' to disable
2022-06-15 18:21:50,506 INFO org.springframework.boot.logging.DeferredLog [restartedMain] For additional web related logging consider setting the 'logging.level.web' property to 'DEBUG'
2022-06-15 18:21:51,914 INFO org.springframework.data.repository.config.RepositoryConfigurationDelegate [restartedMain] Multiple Spring Data modules found, entering strict repository configuration mode!
2022-06-15 18:21:51,916 INFO org.springframework.data.repository.config.RepositoryConfigurationDelegate [restartedMain] Bootstrapping Spring Data repositories in DEFAULT mode.
2022-06-15 18:21:52,073 INFO org.springframework.data.repository.config.RepositoryConfigurationDelegate [restartedMain] Finished Spring Data repository scanning in 149ms. Found 1 repository interfaces.
2022-06-15 18:21:52,088 INFO org.springframework.data.repository.config.RepositoryConfigurationDelegate [restartedMain] Multiple Spring Data modules found, entering strict repository configuration mode!
2022-06-15 18:21:52,090 INFO org.springframework.data.repository.config.RepositoryConfigurationDelegate [restartedMain] Bootstrapping Spring Data repositories in DEFAULT mode.
2022-06-15 18:21:52,103 INFO org.springframework.data.repository.config.RepositoryConfigurationExtensionSupport [restartedMain] Spring Data Redis - Could not safely identify store assignment for repository candidate interface com.trigun.sm.repo.IUserRepo.
2022-06-15 18:21:52,103 INFO org.springframework.data.repository.config.RepositoryConfigurationDelegate [restartedMain] Finished Spring Data repository scanning in 4ms. Found 0 repository interfaces.
2022-06-15 18:21:52,645 INFO org.springframework.context.support.PostProcessorRegistrationDelegate$BeanPostProcessorChecker [restartedMain] Bean 'org.springframework.ws.config.annotation.DelegatingWsConfiguration' of type [org.springframework.ws.config.annotation.DelegatingWsConfiguration$$EnhancerBySpringCGLIB$$82104671] is not eligible for getting processed by all BeanPostProcessors (for example: not eligible for auto-proxying)
2022-06-15 18:21:52,714 INFO org.springframework.ws.soap.addressing.server.AbstractAddressingEndpointMapping [restartedMain] Supporting [WS-Addressing August 2004, WS-Addressing 1.0]
2022-06-15 18:21:52,783 INFO org.springframework.context.support.PostProcessorRegistrationDelegate$BeanPostProcessorChecker [restartedMain] Bean 'org.springframework.transaction.annotation.ProxyTransactionManagementConfiguration' of type [org.springframework.transaction.annotation.ProxyTransactionManagementConfiguration$$EnhancerBySpringCGLIB$$dd788172] is not eligible for getting processed by all BeanPostProcessors (for example: not eligible for auto-proxying)
2022-06-15 18:21:52,831 INFO org.springframework.context.support.PostProcessorRegistrationDelegate$BeanPostProcessorChecker [restartedMain] Bean 'org.springframework.security.config.annotation.configuration.ObjectPostProcessorConfiguration' of type [org.springframework.security.config.annotation.configuration.ObjectPostProcessorConfiguration$$EnhancerBySpringCGLIB$$762649ac] is not eligible for getting processed by all BeanPostProcessors (for example: not eligible for auto-proxying)
2022-06-15 18:21:52,841 INFO org.springframework.context.support.PostProcessorRegistrationDelegate$BeanPostProcessorChecker [restartedMain] Bean 'objectPostProcessor' of type [org.springframework.security.config.annotation.configuration.AutowireBeanFactoryObjectPostProcessor] is not eligible for getting processed by all BeanPostProcessors (for example: not eligible for auto-proxying)
2022-06-15 18:21:52,843 INFO org.springframework.context.support.PostProcessorRegistrationDelegate$BeanPostProcessorChecker [restartedMain] Bean 'org.springframework.security.access.expression.method.DefaultMethodSecurityExpressionHandler@3e16ce12' of type [org.springframework.security.access.expression.method.DefaultMethodSecurityExpressionHandler] is not eligible for getting processed by all BeanPostProcessors (for example: not eligible for auto-proxying)
2022-06-15 18:21:52,846 INFO org.springframework.context.support.PostProcessorRegistrationDelegate$BeanPostProcessorChecker [restartedMain] Bean 'org.springframework.security.config.annotation.method.configuration.GlobalMethodSecurityConfiguration' of type [org.springframework.security.config.annotation.method.configuration.GlobalMethodSecurityConfiguration$$EnhancerBySpringCGLIB$$9afaec5e] is not eligible for getting processed by all BeanPostProcessors (for example: not eligible for auto-proxying)
2022-06-15 18:21:52,850 INFO org.springframework.context.support.PostProcessorRegistrationDelegate$BeanPostProcessorChecker [restartedMain] Bean 'methodSecurityMetadataSource' of type [org.springframework.security.access.method.DelegatingMethodSecurityMetadataSource] is not eligible for getting processed by all BeanPostProcessors (for example: not eligible for auto-proxying)
2022-06-15 18:21:52,873 INFO org.springframework.context.support.PostProcessorRegistrationDelegate$BeanPostProcessorChecker [restartedMain] Bean 'org.springframework.hateoas.config.HateoasConfiguration' of type [org.springframework.hateoas.config.HateoasConfiguration$$EnhancerBySpringCGLIB$$5cf8cea4] is not eligible for getting processed by all BeanPostProcessors (for example: not eligible for auto-proxying)
2022-06-15 18:21:53,318 INFO org.springframework.boot.web.embedded.tomcat.TomcatWebServer [restartedMain] Tomcat initialized with port(s): 8181 (http)
2022-06-15 18:21:53,340 INFO org.apache.juli.logging.DirectJDKLog [restartedMain] Initializing ProtocolHandler ["http-nio-8181"]
2022-06-15 18:21:53,354 INFO org.apache.juli.logging.DirectJDKLog [restartedMain] Starting service [Tomcat]
2022-06-15 18:21:53,355 INFO org.apache.juli.logging.DirectJDKLog [restartedMain] Starting Servlet engine: [Apache Tomcat/9.0.26]
2022-06-15 18:21:53,672 INFO org.apache.juli.logging.DirectJDKLog [restartedMain] At least one JAR was scanned for TLDs yet contained no TLDs. Enable debug logging for this logger for a complete list of JARs that were scanned but no TLDs were found in them. Skipping unneeded JARs during scanning can improve startup time and JSP compilation time.
2022-06-15 18:21:53,682 INFO org.apache.juli.logging.DirectJDKLog [restartedMain] Initializing Spring embedded WebApplicationContext
2022-06-15 18:21:53,683 INFO org.springframework.boot.web.servlet.context.ServletWebServerApplicationContext [restartedMain] Root WebApplicationContext: initialization completed in 3175 ms
2022-06-15 18:21:55,159 INFO com.zaxxer.hikari.HikariDataSource [restartedMain] iti-pool-name - Starting...
2022-06-15 18:22:01,151 INFO com.zaxxer.hikari.HikariDataSource [restartedMain] iti-pool-name - Start completed.
2022-06-15 18:22:01,255 INFO org.hibernate.jpa.internal.util.LogHelper [restartedMain] HHH000204: Processing PersistenceUnitInfo [
	name: default
	...]
2022-06-15 18:22:01,324 INFO org.hibernate.Version [restartedMain] HHH000412: Hibernate Core {5.3.12.Final}
2022-06-15 18:22:01,326 INFO org.hibernate.cfg.Environment [restartedMain] HHH000206: hibernate.properties not found
2022-06-15 18:22:01,459 INFO org.hibernate.annotations.common.reflection.java.JavaReflectionManager [restartedMain] HCANN000001: Hibernate Commons Annotations {5.0.4.Final}
2022-06-15 18:22:01,604 INFO org.hibernate.dialect.Dialect [restartedMain] HHH000400: Using dialect: org.hibernate.dialect.MySQL5Dialect
2022-06-15 18:22:04,061 INFO org.springframework.orm.jpa.AbstractEntityManagerFactoryBean [restartedMain] Initialized JPA EntityManagerFactory for persistence unit 'default'
2022-06-15 18:22:05,558 INFO org.springframework.boot.actuate.endpoint.web.EndpointLinksResolver [restartedMain] Exposing 2 endpoint(s) beneath base path '/actuator'
2022-06-15 18:22:06,037 INFO org.springframework.security.web.DefaultSecurityFilterChain [restartedMain] Creating filter chain: any request, [org.springframework.security.web.context.request.async.WebAsyncManagerIntegrationFilter@6acde5c8, org.springframework.security.web.context.SecurityContextPersistenceFilter@e527afa, org.springframework.security.web.header.HeaderWriterFilter@3541d9a9, org.springframework.web.filter.CorsFilter@e3db495, org.springframework.security.web.authentication.logout.LogoutFilter@17f8a8fa, com.trigun.sm.config.JwtRequestFilter@6854d004, org.springframework.security.web.savedrequest.RequestCacheAwareFilter@6b498bda, org.springframework.security.web.servletapi.SecurityContextHolderAwareRequestFilter@30483c2f, org.springframework.security.web.authentication.AnonymousAuthenticationFilter@12f2f7d6, org.springframework.security.web.session.SessionManagementFilter@59a30226, org.springframework.security.web.access.ExceptionTranslationFilter@b06affd, org.springframework.security.web.access.intercept.FilterSecurityInterceptor@347f3e08]
2022-06-15 18:22:06,108 INFO springfox.documentation.spring.web.PropertySourcedRequestMappingHandlerMapping [restartedMain] Mapped URL path [/v2/api-docs] onto method [public org.springframework.http.ResponseEntity<springfox.documentation.spring.web.json.Json> springfox.documentation.swagger2.web.Swagger2Controller.getDocumentation(java.lang.String,javax.servlet.http.HttpServletRequest)]
2022-06-15 18:22:06,371 INFO org.springframework.scheduling.concurrent.ExecutorConfigurationSupport [restartedMain] Initializing ExecutorService 'applicationTaskExecutor'
2022-06-15 18:22:06,415 INFO org.springframework.boot.devtools.autoconfigure.OptionalLiveReloadServer [restartedMain] LiveReload server is running on port 35729
2022-06-15 18:22:06,640 WARN org.springframework.boot.autoconfigure.thymeleaf.ThymeleafAutoConfiguration$DefaultTemplateResolverConfiguration [restartedMain] Cannot find template location: classpath:/templates/ (please add some templates or check your Thymeleaf configuration)
2022-06-15 18:22:07,506 INFO springfox.documentation.spring.web.plugins.DocumentationPluginsBootstrapper [restartedMain] Context refreshed
2022-06-15 18:22:07,529 INFO springfox.documentation.spring.web.plugins.DocumentationPluginsBootstrapper [restartedMain] Found 1 custom documentation plugin(s)
2022-06-15 18:22:07,560 INFO springfox.documentation.spring.web.scanners.ApiListingReferenceScanner [restartedMain] Scanning for api listing references
2022-06-15 18:22:07,710 INFO org.apache.juli.logging.DirectJDKLog [restartedMain] Starting ProtocolHandler ["http-nio-8181"]
2022-06-15 18:22:07,749 INFO org.springframework.boot.web.embedded.tomcat.TomcatWebServer [restartedMain] Tomcat started on port(s): 8181 (http) with context path ''
2022-06-15 18:22:07,753 INFO org.springframework.boot.StartupInfoLogger [restartedMain] Started Application in 17.858 seconds (JVM running for 18.792)
2022-06-15 18:22:20,936 INFO org.apache.juli.logging.DirectJDKLog [http-nio-8181-exec-1] Initializing Spring DispatcherServlet 'dispatcherServlet'
2022-06-15 18:22:20,937 INFO org.springframework.web.servlet.FrameworkServlet [http-nio-8181-exec-1] Initializing Servlet 'dispatcherServlet'
2022-06-15 18:22:20,964 INFO org.springframework.web.servlet.FrameworkServlet [http-nio-8181-exec-1] Completed initialization in 27 ms
2022-06-15 18:22:20,991 INFO com.trigun.sm.filters.LoginFilter [http-nio-8181-exec-1] LoginFilter :: inside doFilter 
2022-06-15 18:22:20,992 INFO com.trigun.sm.filters.LoginFilter [http-nio-8181-exec-1] LoginFilter :: inside doFilter : currentPath :: /swagger-ui.html
2022-06-15 18:22:21,119 INFO com.trigun.sm.filters.LoginFilter [http-nio-8181-exec-2] LoginFilter :: inside doFilter 
2022-06-15 18:22:21,120 INFO com.trigun.sm.filters.LoginFilter [http-nio-8181-exec-2] LoginFilter :: inside doFilter : currentPath :: /webjars/springfox-swagger-ui/springfox.css
2022-06-15 18:22:21,122 INFO com.trigun.sm.filters.LoginFilter [http-nio-8181-exec-5] LoginFilter :: inside doFilter 
2022-06-15 18:22:21,123 INFO com.trigun.sm.filters.LoginFilter [http-nio-8181-exec-5] LoginFilter :: inside doFilter : currentPath :: /webjars/springfox-swagger-ui/springfox.js
2022-06-15 18:22:21,123 INFO com.trigun.sm.filters.LoginFilter [http-nio-8181-exec-3] LoginFilter :: inside doFilter 
2022-06-15 18:22:21,123 INFO com.trigun.sm.filters.LoginFilter [http-nio-8181-exec-3] LoginFilter :: inside doFilter : currentPath :: /webjars/springfox-swagger-ui/swagger-ui.css
2022-06-15 18:22:21,128 INFO com.trigun.sm.filters.LoginFilter [http-nio-8181-exec-6] LoginFilter :: inside doFilter 
2022-06-15 18:22:21,128 INFO com.trigun.sm.filters.LoginFilter [http-nio-8181-exec-6] LoginFilter :: inside doFilter : currentPath :: /webjars/springfox-swagger-ui/swagger-ui-bundle.js
2022-06-15 18:22:21,131 INFO com.trigun.sm.filters.LoginFilter [http-nio-8181-exec-4] LoginFilter :: inside doFilter 
2022-06-15 18:22:21,132 INFO com.trigun.sm.filters.LoginFilter [http-nio-8181-exec-4] LoginFilter :: inside doFilter : currentPath :: /webjars/springfox-swagger-ui/swagger-ui-standalone-preset.js
2022-06-15 18:22:21,417 INFO com.trigun.sm.filters.LoginFilter [http-nio-8181-exec-8] LoginFilter :: inside doFilter 
2022-06-15 18:22:21,418 INFO com.trigun.sm.filters.LoginFilter [http-nio-8181-exec-8] LoginFilter :: inside doFilter : currentPath :: /webjars/springfox-swagger-ui/favicon-32x32.png
2022-06-15 18:22:21,419 INFO com.trigun.sm.filters.LoginFilter [http-nio-8181-exec-7] LoginFilter :: inside doFilter 
2022-06-15 18:22:21,420 INFO com.trigun.sm.filters.LoginFilter [http-nio-8181-exec-7] LoginFilter :: inside doFilter : currentPath :: /swagger-resources/configuration/ui
2022-06-15 18:22:21,493 INFO com.trigun.sm.filters.LoginFilter [http-nio-8181-exec-9] LoginFilter :: inside doFilter 
2022-06-15 18:22:21,494 INFO com.trigun.sm.filters.LoginFilter [http-nio-8181-exec-9] LoginFilter :: inside doFilter : currentPath :: /swagger-resources/configuration/security
2022-06-15 18:22:21,509 INFO com.trigun.sm.filters.LoginFilter [http-nio-8181-exec-10] LoginFilter :: inside doFilter 
2022-06-15 18:22:21,509 INFO com.trigun.sm.filters.LoginFilter [http-nio-8181-exec-10] LoginFilter :: inside doFilter : currentPath :: /swagger-resources
2022-06-15 18:22:21,577 INFO com.trigun.sm.filters.LoginFilter [http-nio-8181-exec-1] LoginFilter :: inside doFilter 
2022-06-15 18:22:21,578 INFO com.trigun.sm.filters.LoginFilter [http-nio-8181-exec-1] LoginFilter :: inside doFilter : currentPath :: /v2/api-docs
2022-06-15 18:22:21,625 INFO com.trigun.sm.filters.LoginFilter [http-nio-8181-exec-2] LoginFilter :: inside doFilter 
2022-06-15 18:22:21,625 INFO com.trigun.sm.filters.LoginFilter [http-nio-8181-exec-2] LoginFilter :: inside doFilter : currentPath :: /webjars/springfox-swagger-ui/fonts/titillium-web-v6-latin-700.woff2
2022-06-15 18:22:21,805 INFO com.trigun.sm.filters.LoginFilter [http-nio-8181-exec-4] LoginFilter :: inside doFilter 
2022-06-15 18:22:21,806 INFO com.trigun.sm.filters.LoginFilter [http-nio-8181-exec-4] LoginFilter :: inside doFilter : currentPath :: /webjars/springfox-swagger-ui/fonts/open-sans-v15-latin-700.woff2
2022-06-15 18:22:21,815 INFO com.trigun.sm.filters.LoginFilter [http-nio-8181-exec-6] LoginFilter :: inside doFilter 
2022-06-15 18:22:21,816 INFO com.trigun.sm.filters.LoginFilter [http-nio-8181-exec-6] LoginFilter :: inside doFilter : currentPath :: /webjars/springfox-swagger-ui/fonts/source-code-pro-v7-latin-300.woff2
2022-06-15 18:22:21,823 INFO com.trigun.sm.filters.LoginFilter [http-nio-8181-exec-4] LoginFilter :: inside doFilter 
2022-06-15 18:22:21,823 INFO com.trigun.sm.filters.LoginFilter [http-nio-8181-exec-8] LoginFilter :: inside doFilter 
2022-06-15 18:22:21,824 INFO com.trigun.sm.filters.LoginFilter [http-nio-8181-exec-4] LoginFilter :: inside doFilter : currentPath :: /webjars/springfox-swagger-ui/fonts/source-code-pro-v7-latin-600.woff2
2022-06-15 18:22:21,824 INFO com.trigun.sm.filters.LoginFilter [http-nio-8181-exec-8] LoginFilter :: inside doFilter : currentPath :: /webjars/springfox-swagger-ui/fonts/open-sans-v15-latin-regular.woff2
2022-06-15 18:22:24,430 INFO com.trigun.sm.filters.LoginFilter [http-nio-8181-exec-9] LoginFilter :: inside doFilter 
2022-06-15 18:22:24,430 INFO com.trigun.sm.filters.LoginFilter [http-nio-8181-exec-9] LoginFilter :: inside doFilter : currentPath :: /webjars/springfox-swagger-ui/fonts/titillium-web-v6-latin-regular.woff2
2022-06-15 18:22:36,376 INFO com.trigun.sm.filters.LoginFilter [http-nio-8181-exec-10] LoginFilter :: inside doFilter 
2022-06-15 18:22:36,382 INFO com.trigun.sm.filters.LoginFilter [http-nio-8181-exec-10] LoginFilter :: inside doFilter : currentPath :: /authenticate
2022-06-15 18:22:36,452 INFO com.trigun.sm.controllers.JwtAuthenticationController [http-nio-8181-exec-10] JwtAuthenticationController :: inside generateAuthenticationToken : user name :: admin123
2022-06-15 18:22:36,454 INFO com.trigun.sm.service.JwtUserDetailsService [http-nio-8181-exec-10] JwtUserDetailsService :: inside loadUserByUsername : username :: admin123
2022-06-15 18:22:36,539 INFO org.hibernate.hql.internal.QueryTranslatorFactoryInitiator [http-nio-8181-exec-10] HHH000397: Using ASTQueryTranslatorFactory
2022-06-15 18:22:37,685 INFO com.trigun.sm.filters.LoginFilter [http-nio-8181-exec-5] LoginFilter :: inside doFilter 
2022-06-15 18:22:37,686 INFO com.trigun.sm.filters.LoginFilter [http-nio-8181-exec-5] LoginFilter :: inside doFilter : currentPath :: /webjars/springfox-swagger-ui/fonts/titillium-web-v6-latin-600.woff2
2022-06-15 18:22:51,229 INFO com.trigun.sm.filters.LoginFilter [http-nio-8181-exec-2] LoginFilter :: inside doFilter 
2022-06-15 18:22:51,230 INFO com.trigun.sm.filters.LoginFilter [http-nio-8181-exec-2] LoginFilter :: inside doFilter : currentPath :: /authenticate
2022-06-15 18:22:51,233 INFO com.trigun.sm.controllers.JwtAuthenticationController [http-nio-8181-exec-2] JwtAuthenticationController :: inside generateAuthenticationToken : user name :: admin
2022-06-15 18:22:51,234 INFO com.trigun.sm.service.JwtUserDetailsService [http-nio-8181-exec-2] JwtUserDetailsService :: inside loadUserByUsername : username :: admin
2022-06-15 18:22:54,545 ERROR com.trigun.sm.controllers.JwtAuthenticationController [http-nio-8181-exec-2] JwtAuthenticationController :: inside generateAuthenticationToken : user found!
